This is pdfTeX, Version 3.14159265-2.6-1.40.16 (TeX Live 2015/Debian) (preloaded format=pdflatex 2018.1.5)  27 FEB 2018 16:30
entering extended mode
 restricted \write18 enabled.
 %&-line parsing enabled.
**./paper.tex
(./paper.tex
LaTeX2e <2016/02/01>
Babel <3.9q> and hyphenation patterns for 3 language(s) loaded.
(./IEEEtran.cls
Document Class: IEEEtran 2015/08/26 V1.8b by Michael Shell
-- See the "IEEEtran_HOWTO" manual for usage information.
-- http://www.michaelshell.org/tex/ieeetran/
\@IEEEtrantmpdimenA=\dimen102
\@IEEEtrantmpdimenB=\dimen103
\@IEEEtrantmpdimenC=\dimen104
\@IEEEtrantmpcountA=\count79
\@IEEEtrantmpcountB=\count80
\@IEEEtrantmpcountC=\count81
\@IEEEtrantmptoksA=\toks14
LaTeX Font Info:    Try loading font information for OT1+ppl on input line 503.

(/usr/share/texlive/texmf-dist/tex/latex/psnfss/ot1ppl.fd
File: ot1ppl.fd 2001/06/04 font definitions for OT1/ppl.
)
-- Using IEEE Computer Society mode.
-- Using 8.5in x 11in (letter) paper.
-- Using PDF output.
\@IEEEnormalsizeunitybaselineskip=\dimen105
-- This is a 10 point document.
\CLASSINFOnormalsizebaselineskip=\dimen106
\CLASSINFOnormalsizeunitybaselineskip=\dimen107
\IEEEnormaljot=\dimen108
LaTeX Font Info:    Font shape `OT1/ppl/bx/n' in size <5.01874> not available
(Font)              Font shape `OT1/ppl/b/n' tried instead on input line 1090.
LaTeX Font Info:    Font shape `OT1/ppl/bx/it' in size <5.01874> not available
(Font)              Font shape `OT1/ppl/b/it' tried instead on input line 1090.

LaTeX Font Info:    Font shape `OT1/ppl/bx/n' in size <7.02625> not available
(Font)              Font shape `OT1/ppl/b/n' tried instead on input line 1090.
LaTeX Font Info:    Font shape `OT1/ppl/bx/it' in size <7.02625> not available
(Font)              Font shape `OT1/ppl/b/it' tried instead on input line 1090.

LaTeX Font Info:    Font shape `OT1/ppl/bx/n' in size <8.03> not available
(Font)              Font shape `OT1/ppl/b/n' tried instead on input line 1090.
LaTeX Font Info:    Font shape `OT1/ppl/bx/it' in size <8.03> not available
(Font)              Font shape `OT1/ppl/b/it' tried instead on input line 1090.

LaTeX Font Info:    Font shape `OT1/ppl/bx/n' in size <9.03374> not available
(Font)              Font shape `OT1/ppl/b/n' tried instead on input line 1090.
LaTeX Font Info:    Font shape `OT1/ppl/bx/it' in size <9.03374> not available
(Font)              Font shape `OT1/ppl/b/it' tried instead on input line 1090.

LaTeX Font Info:    Font shape `OT1/ppl/bx/n' in size <9.53561> not available
(Font)              Font shape `OT1/ppl/b/n' tried instead on input line 1090.
LaTeX Font Info:    Font shape `OT1/ppl/bx/it' in size <9.53561> not available
(Font)              Font shape `OT1/ppl/b/it' tried instead on input line 1090.

LaTeX Font Info:    Font shape `OT1/ppl/bx/n' in size <11.04124> not available
(Font)              Font shape `OT1/ppl/b/n' tried instead on input line 1090.
LaTeX Font Info:    Font shape `OT1/ppl/bx/it' in size <11.04124> not available

(Font)              Font shape `OT1/ppl/b/it' tried instead on input line 1090.

LaTeX Font Info:    Font shape `OT1/ppl/bx/n' in size <12.045> not available
(Font)              Font shape `OT1/ppl/b/n' tried instead on input line 1090.
LaTeX Font Info:    Font shape `OT1/ppl/bx/it' in size <12.045> not available
(Font)              Font shape `OT1/ppl/b/it' tried instead on input line 1090.

LaTeX Font Info:    Font shape `OT1/ppl/bx/n' in size <17.06374> not available
(Font)              Font shape `OT1/ppl/b/n' tried instead on input line 1090.
LaTeX Font Info:    Font shape `OT1/ppl/bx/it' in size <17.06374> not available

(Font)              Font shape `OT1/ppl/b/it' tried instead on input line 1090.

LaTeX Font Info:    Font shape `OT1/ppl/bx/n' in size <20.075> not available
(Font)              Font shape `OT1/ppl/b/n' tried instead on input line 1090.
LaTeX Font Info:    Font shape `OT1/ppl/bx/it' in size <20.075> not available
(Font)              Font shape `OT1/ppl/b/it' tried instead on input line 1090.

LaTeX Font Info:    Font shape `OT1/ppl/bx/n' in size <24.09> not available
(Font)              Font shape `OT1/ppl/b/n' tried instead on input line 1090.
LaTeX Font Info:    Font shape `OT1/ppl/bx/it' in size <24.09> not available
(Font)              Font shape `OT1/ppl/b/it' tried instead on input line 1090.

\IEEEquantizedlength=\dimen109
\IEEEquantizedlengthdiff=\dimen110
\IEEEquantizedtextheightdiff=\dimen111
\IEEEilabelindentA=\dimen112
\IEEEilabelindentB=\dimen113
\IEEEilabelindent=\dimen114
\IEEEelabelindent=\dimen115
\IEEEdlabelindent=\dimen116
\IEEElabelindent=\dimen117
\IEEEiednormlabelsep=\dimen118
\IEEEiedmathlabelsep=\dimen119
\IEEEiedtopsep=\skip41
\c@section=\count82
\c@subsection=\count83
\c@subsubsection=\count84
\c@paragraph=\count85
\c@IEEEsubequation=\count86
\abovecaptionskip=\skip42
\belowcaptionskip=\skip43
\c@figure=\count87
\c@table=\count88
\@IEEEeqnnumcols=\count89
\@IEEEeqncolcnt=\count90
\@IEEEsubeqnnumrollback=\count91
\@IEEEquantizeheightA=\dimen120
\@IEEEquantizeheightB=\dimen121
\@IEEEquantizeheightC=\dimen122
\@IEEEquantizeprevdepth=\dimen123
\@IEEEquantizemultiple=\count92
\@IEEEquantizeboxA=\box26
\@IEEEtmpitemindent=\dimen124
\IEEEPARstartletwidth=\dimen125
\c@IEEEbiography=\count93
\@IEEEtranrubishbin=\box27
) (/usr/share/texlive/texmf-dist/tex/latex/lineno/lineno.sty
Package: lineno 2005/11/02 line numbers on paragraphs v4.41
\linenopenalty=\count94
\output=\toks15
\linenoprevgraf=\count95
\linenumbersep=\dimen126
\linenumberwidth=\dimen127
\c@linenumber=\count96
\c@pagewiselinenumber=\count97
\c@LN@truepage=\count98
\c@internallinenumber=\count99
\c@internallinenumbers=\count100
\quotelinenumbersep=\dimen128
\bframerule=\dimen129
\bframesep=\dimen130
\bframebox=\box28
LaTeX Info: Redefining \\ on input line 3056.
)
(/usr/share/texlive/texmf-dist/tex/latex/hyperref/hyperref.sty
Package: hyperref 2012/11/06 v6.83m Hypertext links for LaTeX

(/usr/share/texlive/texmf-dist/tex/generic/oberdiek/hobsub-hyperref.sty
Package: hobsub-hyperref 2012/05/28 v1.13 Bundle oberdiek, subset hyperref (HO)


(/usr/share/texlive/texmf-dist/tex/generic/oberdiek/hobsub-generic.sty
Package: hobsub-generic 2012/05/28 v1.13 Bundle oberdiek, subset generic (HO)
Package: hobsub 2012/05/28 v1.13 Construct package bundles (HO)
Package: infwarerr 2010/04/08 v1.3 Providing info/warning/error messages (HO)
Package: ltxcmds 2011/11/09 v1.22 LaTeX kernel commands for general use (HO)
Package: ifluatex 2010/03/01 v1.3 Provides the ifluatex switch (HO)
Package ifluatex Info: LuaTeX not detected.
Package: ifvtex 2010/03/01 v1.5 Detect VTeX and its facilities (HO)
Package ifvtex Info: VTeX not detected.
Package: intcalc 2007/09/27 v1.1 Expandable calculations with integers (HO)
Package: ifpdf 2011/01/30 v2.3 Provides the ifpdf switch (HO)
Package ifpdf Info: pdfTeX in PDF mode is detected.
Package: etexcmds 2011/02/16 v1.5 Avoid name clashes with e-TeX commands (HO)
Package etexcmds Info: Could not find \expanded.
(etexcmds)             That can mean that you are not using pdfTeX 1.50 or
(etexcmds)             that some package has redefined \expanded.
(etexcmds)             In the latter case, load this package earlier.
Package: kvsetkeys 2012/04/25 v1.16 Key value parser (HO)
Package: kvdefinekeys 2011/04/07 v1.3 Define keys (HO)
Package: pdftexcmds 2011/11/29 v0.20 Utility functions of pdfTeX for LuaTeX (HO
)
Package pdftexcmds Info: LuaTeX not detected.
Package pdftexcmds Info: \pdf@primitive is available.
Package pdftexcmds Info: \pdf@ifprimitive is available.
Package pdftexcmds Info: \pdfdraftmode found.
Package: pdfescape 2011/11/25 v1.13 Implements pdfTeX's escape features (HO)
Package: bigintcalc 2012/04/08 v1.3 Expandable calculations on big integers (HO
)
Package: bitset 2011/01/30 v1.1 Handle bit-vector datatype (HO)
Package: uniquecounter 2011/01/30 v1.2 Provide unlimited unique counter (HO)
)
Package hobsub Info: Skipping package `hobsub' (already loaded).
Package: letltxmacro 2010/09/02 v1.4 Let assignment for LaTeX macros (HO)
Package: hopatch 2012/05/28 v1.2 Wrapper for package hooks (HO)
Package: xcolor-patch 2011/01/30 xcolor patch
Package: atveryend 2011/06/30 v1.8 Hooks at the very end of document (HO)
Package atveryend Info: \enddocument detected (standard20110627).
Package: atbegshi 2011/10/05 v1.16 At begin shipout hook (HO)
Package: refcount 2011/10/16 v3.4 Data extraction from label references (HO)
Package: hycolor 2011/01/30 v1.7 Color options for hyperref/bookmark (HO)
)
(/usr/share/texlive/texmf-dist/tex/latex/graphics/keyval.sty
Package: keyval 2014/10/28 v1.15 key=value parser (DPC)
\KV@toks@=\toks16
)
(/usr/share/texlive/texmf-dist/tex/generic/ifxetex/ifxetex.sty
Package: ifxetex 2010/09/12 v0.6 Provides ifxetex conditional
)
(/usr/share/texlive/texmf-dist/tex/latex/oberdiek/auxhook.sty
Package: auxhook 2011/03/04 v1.3 Hooks for auxiliary files (HO)
)
(/usr/share/texlive/texmf-dist/tex/latex/oberdiek/kvoptions.sty
Package: kvoptions 2011/06/30 v3.11 Key value format for package options (HO)
)
\@linkdim=\dimen131
\Hy@linkcounter=\count101
\Hy@pagecounter=\count102

(/usr/share/texlive/texmf-dist/tex/latex/hyperref/pd1enc.def
File: pd1enc.def 2012/11/06 v6.83m Hyperref: PDFDocEncoding definition (HO)
)
\Hy@SavedSpaceFactor=\count103

(/usr/share/texlive/texmf-dist/tex/latex/latexconfig/hyperref.cfg
File: hyperref.cfg 2002/06/06 v1.2 hyperref configuration of TeXLive
)
Package hyperref Info: Hyper figures OFF on input line 4443.
Package hyperref Info: Link nesting OFF on input line 4448.
Package hyperref Info: Hyper index ON on input line 4451.
Package hyperref Info: Plain pages OFF on input line 4458.
Package hyperref Info: Backreferencing OFF on input line 4463.
Package hyperref Info: Implicit mode ON; LaTeX internals redefined.
Package hyperref Info: Bookmarks ON on input line 4688.
\c@Hy@tempcnt=\count104

(/usr/share/texlive/texmf-dist/tex/latex/url/url.sty
\Urlmuskip=\muskip10
Package: url 2013/09/16  ver 3.4  Verb mode for urls, etc.
)
LaTeX Info: Redefining \url on input line 5041.
\XeTeXLinkMargin=\dimen132
\Fld@menulength=\count105
\Field@Width=\dimen133
\Fld@charsize=\dimen134
Package hyperref Info: Hyper figures OFF on input line 6295.
Package hyperref Info: Link nesting OFF on input line 6300.
Package hyperref Info: Hyper index ON on input line 6303.
Package hyperref Info: backreferencing OFF on input line 6310.
Package hyperref Info: Link coloring OFF on input line 6315.
Package hyperref Info: Link coloring with OCG OFF on input line 6320.
Package hyperref Info: PDF/A mode OFF on input line 6325.
LaTeX Info: Redefining \ref on input line 6365.
LaTeX Info: Redefining \pageref on input line 6369.
\Hy@abspage=\count106
\c@Item=\count107
\c@Hfootnote=\count108
)

Package hyperref Message: Driver (autodetected): hpdftex.

(/usr/share/texlive/texmf-dist/tex/latex/hyperref/hpdftex.def
File: hpdftex.def 2012/11/06 v6.83m Hyperref driver for pdfTeX
\Fld@listcount=\count109
\c@bookmark@seq@number=\count110

(/usr/share/texlive/texmf-dist/tex/latex/oberdiek/rerunfilecheck.sty
Package: rerunfilecheck 2011/04/15 v1.7 Rerun checks for auxiliary files (HO)
Package uniquecounter Info: New unique counter `rerunfilecheck' on input line 2
82.
)
\Hy@SectionHShift=\skip44
)
(/usr/share/texlive/texmf-dist/tex/latex/tools/bm.sty
Package: bm 2014/10/28 v1.1c Bold Symbol Support (DPC/FMi)
\symboldoperators=\mathgroup4
\symboldletters=\mathgroup5
\symboldsymbols=\mathgroup6
LaTeX Font Info:    Redeclaring math alphabet \mathbf on input line 141.
LaTeX Info: Redefining \bm on input line 207.
)
(/usr/share/texlive/texmf-dist/tex/latex/float/float.sty
Package: float 2001/11/08 v1.3d Float enhancements (AL)
\c@float@type=\count111
\float@exts=\toks17
\float@box=\box29
\@float@everytoks=\toks18
\@floatcapt=\box30
)
(/usr/share/texlive/texmf-dist/tex/latex/subfig/subfig.sty
Package: subfig 2005/06/28 ver: 1.3 subfig package

(/usr/share/texlive/texmf-dist/tex/latex/caption/caption.sty
Package: caption 2016/02/21 v3.3-144 Customizing captions (AR)

(/usr/share/texlive/texmf-dist/tex/latex/caption/caption3.sty
Package: caption3 2016/02/04 v1.7-139 caption3 kernel (AR)
Package caption3 Info: TeX engine: e-TeX on input line 67.
\captionmargin=\dimen135
\captionmargin@=\dimen136
\captionwidth=\dimen137
\caption@tempdima=\dimen138
\caption@indent=\dimen139
\caption@parindent=\dimen140
\caption@hangindent=\dimen141
Package caption Info: Unknown document class (or package),
(caption)             standard defaults will be used.
)

Package caption Warning: Unsupported document class (or package) detected,
(caption)                usage of the caption package is not recommended.
See the caption package documentation for explanation.

Package caption Info: \@makecaption = \long macro:#1#2->\ifx \@captype \@IEEEta
blestring \footnotesize \bgroup \par \centering \@IEEEtabletopskipstrut {\norma
lfont \sffamily \footnotesize #1}\\{\normalfont \sffamily \footnotesize #2}\par
 \addvspace {0.5\baselineskip }\egroup \@IEEEtablecaptionsepspace \else \@IEEEf
igurecaptionsepspace \setbox \@tempboxa \hbox {\normalfont \sffamily \footnotes
ize {#1.}\nobreakspace #2}\ifdim \wd \@tempboxa >\hsize \setbox \@tempboxa \hbo
x {\normalfont \sffamily \footnotesize {#1.}\nobreakspace }\parbox [t]{\hsize }
{\normalfont \sffamily \footnotesize \noindent \unhbox \@tempboxa #2}\else \hbo
x to\hsize {\normalfont \sffamily \footnotesize \box \@tempboxa \hfil }\fi \fi 
.
\c@ContinuedFloat=\count112
Package caption Info: float package is loaded.
Package caption Info: hyperref package is loaded.
)
\c@KVtest=\count113
\sf@farskip=\skip45
\sf@captopadj=\dimen142
\sf@capskip=\skip46
\sf@nearskip=\skip47
\c@subfigure=\count114
\c@subfigure@save=\count115
\c@lofdepth=\count116
\c@subtable=\count117
\c@subtable@save=\count118
\c@lotdepth=\count119
\sf@top=\skip48
\sf@bottom=\skip49
) (/usr/share/texlive/texmf-dist/tex/latex/graphics/color.sty
Package: color 2016/01/03 v1.1b Standard LaTeX Color (DPC)

(/usr/share/texlive/texmf-dist/tex/latex/latexconfig/color.cfg
File: color.cfg 2007/01/18 v1.5 color configuration of teTeX/TeXLive
)
Package color Info: Driver file: pdftex.def on input line 143.

(/usr/share/texlive/texmf-dist/tex/latex/pdftex-def/pdftex.def
File: pdftex.def 2011/05/27 v0.06d Graphics/color for pdfTeX
\Gread@gobject=\count120
))
(/usr/share/texlive/texmf-dist/tex/latex/amsmath/amsmath.sty
Package: amsmath 2016/03/03 v2.15a AMS math features
\@mathmargin=\skip50

For additional information on amsmath, use the `?' option.
(/usr/share/texlive/texmf-dist/tex/latex/amsmath/amstext.sty
Package: amstext 2000/06/29 v2.01 AMS text

(/usr/share/texlive/texmf-dist/tex/latex/amsmath/amsgen.sty
File: amsgen.sty 1999/11/30 v2.0 generic functions
\@emptytoks=\toks19
\ex@=\dimen143
))
(/usr/share/texlive/texmf-dist/tex/latex/amsmath/amsbsy.sty
Package: amsbsy 1999/11/29 v1.2d Bold Symbols
LaTeX Info: Redefining \boldsymbol on input line 28.
\pmbraise@=\dimen144
)
(/usr/share/texlive/texmf-dist/tex/latex/amsmath/amsopn.sty
Package: amsopn 1999/12/14 v2.01 operator names
)
\inf@bad=\count121
LaTeX Info: Redefining \frac on input line 199.
\uproot@=\count122
\leftroot@=\count123
LaTeX Info: Redefining \overline on input line 297.
\classnum@=\count124
\DOTSCASE@=\count125
LaTeX Info: Redefining \ldots on input line 394.
LaTeX Info: Redefining \dots on input line 397.
LaTeX Info: Redefining \cdots on input line 518.
\Mathstrutbox@=\box31
\strutbox@=\box32
\big@size=\dimen145
LaTeX Font Info:    Redeclaring font encoding OML on input line 630.
LaTeX Font Info:    Redeclaring font encoding OMS on input line 631.
\macc@depth=\count126
\c@MaxMatrixCols=\count127
\dotsspace@=\muskip11
\c@parentequation=\count128
\dspbrk@lvl=\count129
\tag@help=\toks20
\row@=\count130
\column@=\count131
\maxfields@=\count132
\andhelp@=\toks21
\eqnshift@=\dimen146
\alignsep@=\dimen147
\tagshift@=\dimen148
\tagwidth@=\dimen149
\totwidth@=\dimen150
\lineht@=\dimen151
\@envbody=\toks22
\multlinegap=\skip51
\multlinetaggap=\skip52
\mathdisplay@stack=\toks23
LaTeX Info: Redefining \[ on input line 2735.
LaTeX Info: Redefining \] on input line 2736.
)
(/usr/share/texlive/texmf-dist/tex/latex/amsfonts/amssymb.sty
Package: amssymb 2013/01/14 v3.01 AMS font symbols

(/usr/share/texlive/texmf-dist/tex/latex/amsfonts/amsfonts.sty
Package: amsfonts 2013/01/14 v3.01 Basic AMSFonts support
\symAMSa=\mathgroup7
\symAMSb=\mathgroup8
LaTeX Font Info:    Overwriting math alphabet `\mathfrak' in version `bold'
(Font)                  U/euf/m/n --> U/euf/b/n on input line 106.
))
(/usr/share/texlive/texmf-dist/tex/latex/multirow/multirow.sty
\bigstrutjot=\dimen152
)
(/usr/share/texlive/texmf-dist/tex/latex/graphics/graphicx.sty
Package: graphicx 2014/10/28 v1.0g Enhanced LaTeX Graphics (DPC,SPQR)

(/usr/share/texlive/texmf-dist/tex/latex/graphics/graphics.sty
Package: graphics 2016/01/03 v1.0q Standard LaTeX Graphics (DPC,SPQR)

(/usr/share/texlive/texmf-dist/tex/latex/graphics/trig.sty
Package: trig 2016/01/03 v1.10 sin cos tan (DPC)
)
(/usr/share/texlive/texmf-dist/tex/latex/latexconfig/graphics.cfg
File: graphics.cfg 2010/04/23 v1.9 graphics configuration of TeX Live
)
Package graphics Info: Driver file: pdftex.def on input line 95.
)
\Gin@req@height=\dimen153
\Gin@req@width=\dimen154
)
(/usr/share/texlive/texmf-dist/tex/latex/rotating/rotating.sty
Package: rotating 2009/03/28 v2.16a rotated objects in LaTeX

(/usr/share/texlive/texmf-dist/tex/latex/base/ifthen.sty
Package: ifthen 2014/09/29 v1.1c Standard LaTeX ifthen package (DPC)
)
\c@r@tfl@t=\count133
\rotFPtop=\skip53
\rotFPbot=\skip54
\rot@float@box=\box33
\rot@mess@toks=\toks24
)
(/usr/share/texlive/texmf-dist/tex/latex/tools/array.sty
Package: array 2014/10/28 v2.4c Tabular extension package (FMi)
\col@sep=\dimen155
\extrarowheight=\dimen156
\NC@list=\toks25
\extratabsurround=\skip55
\backup@length=\skip56
)
(/usr/share/texlive/texmf-dist/tex/latex/adjustbox/adjustbox.sty
Package: adjustbox 2012/05/21 v1.0 Adjusting TeX boxes (trim, clip, ...)

(/usr/share/texlive/texmf-dist/tex/latex/xkeyval/xkeyval.sty
Package: xkeyval 2014/12/03 v2.7a package option processing (HA)

(/usr/share/texlive/texmf-dist/tex/generic/xkeyval/xkeyval.tex
(/usr/share/texlive/texmf-dist/tex/generic/xkeyval/xkvutils.tex
\XKV@toks=\toks26
\XKV@tempa@toks=\toks27
)
\XKV@depth=\count134
File: xkeyval.tex 2014/12/03 v2.7a key=value parser (HA)
))
(/usr/share/texlive/texmf-dist/tex/latex/adjustbox/adjcalc.sty
Package: adjcalc 2012/05/16 v1.1 Provides advanced setlength with multiple back
-ends (calc, etex, pgfmath)
)
(/usr/share/texlive/texmf-dist/tex/latex/adjustbox/trimclip.sty
Package: trimclip 2012/05/16 v1.0 Trim and clip general TeX material

(/usr/share/texlive/texmf-dist/tex/latex/collectbox/collectbox.sty
Package: collectbox 2012/05/17 v0.4b Collect macro arguments as boxes
\collectedbox=\box34
)
\tc@llx=\dimen157
\tc@lly=\dimen158
\tc@urx=\dimen159
\tc@ury=\dimen160
Package trimclip Info: Using driver 'tc-pdftex.def'.

(/usr/share/texlive/texmf-dist/tex/latex/adjustbox/tc-pdftex.def
File: tc-pdftex.def 2012/05/13 v1.0 Clipping driver for pdftex
))
\adjbox@Width=\dimen161
\adjbox@Height=\dimen162
\adjbox@Depth=\dimen163
\adjbox@Totalheight=\dimen164

(/usr/share/texlive/texmf-dist/tex/latex/ifoddpage/ifoddpage.sty
Package: ifoddpage 2011/09/13 v1.0 Conditionals for odd/even page detection
\c@checkoddpage=\count135
)
(/usr/share/texlive/texmf-dist/tex/latex/varwidth/varwidth.sty
Package: varwidth 2009/03/30 ver 0.92;  Variable-width minipages
\@vwid@box=\box35
\sift@deathcycles=\count136
\@vwid@loff=\dimen165
\@vwid@roff=\dimen166
))
(/usr/share/texlive/texmf-dist/tex/latex/base/fontenc.sty
Package: fontenc 2005/09/27 v1.99g Standard LaTeX package

(/usr/share/texlive/texmf-dist/tex/latex/base/t1enc.def
File: t1enc.def 2005/09/27 v1.99g Standard LaTeX file
LaTeX Font Info:    Redeclaring font encoding T1 on input line 48.
)
LaTeX Font Info:    Try loading font information for T1+ppl on input line 105.

(/usr/share/texlive/texmf-dist/tex/latex/psnfss/t1ppl.fd
File: t1ppl.fd 2001/06/04 font definitions for T1/ppl.
))
(/usr/share/texlive/texmf-dist/tex/latex/base/inputenc.sty
Package: inputenc 2015/03/17 v1.2c Input encoding file
\inpenc@prehook=\toks28
\inpenc@posthook=\toks29

(/usr/share/texlive/texmf-dist/tex/latex/base/utf8.def
File: utf8.def 2015/12/03 v1.1r UTF-8 support for inputenc
Now handling font encoding OML ...
... no UTF-8 mapping file for font encoding OML
Now handling font encoding T1 ...
... processing UTF-8 mapping file for font encoding T1

(/usr/share/texlive/texmf-dist/tex/latex/base/t1enc.dfu
File: t1enc.dfu 2015/12/03 v1.1r UTF-8 support for inputenc
   defining Unicode char U+00A0 (decimal 160)
   defining Unicode char U+00A1 (decimal 161)
   defining Unicode char U+00A3 (decimal 163)
   defining Unicode char U+00AB (decimal 171)
   defining Unicode char U+00AD (decimal 173)
   defining Unicode char U+00BB (decimal 187)
   defining Unicode char U+00BF (decimal 191)
   defining Unicode char U+00C0 (decimal 192)
   defining Unicode char U+00C1 (decimal 193)
   defining Unicode char U+00C2 (decimal 194)
   defining Unicode char U+00C3 (decimal 195)
   defining Unicode char U+00C4 (decimal 196)
   defining Unicode char U+00C5 (decimal 197)
   defining Unicode char U+00C6 (decimal 198)
   defining Unicode char U+00C7 (decimal 199)
   defining Unicode char U+00C8 (decimal 200)
   defining Unicode char U+00C9 (decimal 201)
   defining Unicode char U+00CA (decimal 202)
   defining Unicode char U+00CB (decimal 203)
   defining Unicode char U+00CC (decimal 204)
   defining Unicode char U+00CD (decimal 205)
   defining Unicode char U+00CE (decimal 206)
   defining Unicode char U+00CF (decimal 207)
   defining Unicode char U+00D0 (decimal 208)
   defining Unicode char U+00D1 (decimal 209)
   defining Unicode char U+00D2 (decimal 210)
   defining Unicode char U+00D3 (decimal 211)
   defining Unicode char U+00D4 (decimal 212)
   defining Unicode char U+00D5 (decimal 213)
   defining Unicode char U+00D6 (decimal 214)
   defining Unicode char U+00D8 (decimal 216)
   defining Unicode char U+00D9 (decimal 217)
   defining Unicode char U+00DA (decimal 218)
   defining Unicode char U+00DB (decimal 219)
   defining Unicode char U+00DC (decimal 220)
   defining Unicode char U+00DD (decimal 221)
   defining Unicode char U+00DE (decimal 222)
   defining Unicode char U+00DF (decimal 223)
   defining Unicode char U+00E0 (decimal 224)
   defining Unicode char U+00E1 (decimal 225)
   defining Unicode char U+00E2 (decimal 226)
   defining Unicode char U+00E3 (decimal 227)
   defining Unicode char U+00E4 (decimal 228)
   defining Unicode char U+00E5 (decimal 229)
   defining Unicode char U+00E6 (decimal 230)
   defining Unicode char U+00E7 (decimal 231)
   defining Unicode char U+00E8 (decimal 232)
   defining Unicode char U+00E9 (decimal 233)
   defining Unicode char U+00EA (decimal 234)
   defining Unicode char U+00EB (decimal 235)
   defining Unicode char U+00EC (decimal 236)
   defining Unicode char U+00ED (decimal 237)
   defining Unicode char U+00EE (decimal 238)
   defining Unicode char U+00EF (decimal 239)
   defining Unicode char U+00F0 (decimal 240)
   defining Unicode char U+00F1 (decimal 241)
   defining Unicode char U+00F2 (decimal 242)
   defining Unicode char U+00F3 (decimal 243)
   defining Unicode char U+00F4 (decimal 244)
   defining Unicode char U+00F5 (decimal 245)
   defining Unicode char U+00F6 (decimal 246)
   defining Unicode char U+00F8 (decimal 248)
   defining Unicode char U+00F9 (decimal 249)
   defining Unicode char U+00FA (decimal 250)
   defining Unicode char U+00FB (decimal 251)
   defining Unicode char U+00FC (decimal 252)
   defining Unicode char U+00FD (decimal 253)
   defining Unicode char U+00FE (decimal 254)
   defining Unicode char U+00FF (decimal 255)
   defining Unicode char U+0100 (decimal 256)
   defining Unicode char U+0101 (decimal 257)
   defining Unicode char U+0102 (decimal 258)
   defining Unicode char U+0103 (decimal 259)
   defining Unicode char U+0104 (decimal 260)
   defining Unicode char U+0105 (decimal 261)
   defining Unicode char U+0106 (decimal 262)
   defining Unicode char U+0107 (decimal 263)
   defining Unicode char U+0108 (decimal 264)
   defining Unicode char U+0109 (decimal 265)
   defining Unicode char U+010A (decimal 266)
   defining Unicode char U+010B (decimal 267)
   defining Unicode char U+010C (decimal 268)
   defining Unicode char U+010D (decimal 269)
   defining Unicode char U+010E (decimal 270)
   defining Unicode char U+010F (decimal 271)
   defining Unicode char U+0110 (decimal 272)
   defining Unicode char U+0111 (decimal 273)
   defining Unicode char U+0112 (decimal 274)
   defining Unicode char U+0113 (decimal 275)
   defining Unicode char U+0114 (decimal 276)
   defining Unicode char U+0115 (decimal 277)
   defining Unicode char U+0116 (decimal 278)
   defining Unicode char U+0117 (decimal 279)
   defining Unicode char U+0118 (decimal 280)
   defining Unicode char U+0119 (decimal 281)
   defining Unicode char U+011A (decimal 282)
   defining Unicode char U+011B (decimal 283)
   defining Unicode char U+011C (decimal 284)
   defining Unicode char U+011D (decimal 285)
   defining Unicode char U+011E (decimal 286)
   defining Unicode char U+011F (decimal 287)
   defining Unicode char U+0120 (decimal 288)
   defining Unicode char U+0121 (decimal 289)
   defining Unicode char U+0122 (decimal 290)
   defining Unicode char U+0123 (decimal 291)
   defining Unicode char U+0124 (decimal 292)
   defining Unicode char U+0125 (decimal 293)
   defining Unicode char U+0128 (decimal 296)
   defining Unicode char U+0129 (decimal 297)
   defining Unicode char U+012A (decimal 298)
   defining Unicode char U+012B (decimal 299)
   defining Unicode char U+012C (decimal 300)
   defining Unicode char U+012D (decimal 301)
   defining Unicode char U+012E (decimal 302)
   defining Unicode char U+012F (decimal 303)
   defining Unicode char U+0130 (decimal 304)
   defining Unicode char U+0131 (decimal 305)
   defining Unicode char U+0132 (decimal 306)
   defining Unicode char U+0133 (decimal 307)
   defining Unicode char U+0134 (decimal 308)
   defining Unicode char U+0135 (decimal 309)
   defining Unicode char U+0136 (decimal 310)
   defining Unicode char U+0137 (decimal 311)
   defining Unicode char U+0139 (decimal 313)
   defining Unicode char U+013A (decimal 314)
   defining Unicode char U+013B (decimal 315)
   defining Unicode char U+013C (decimal 316)
   defining Unicode char U+013D (decimal 317)
   defining Unicode char U+013E (decimal 318)
   defining Unicode char U+0141 (decimal 321)
   defining Unicode char U+0142 (decimal 322)
   defining Unicode char U+0143 (decimal 323)
   defining Unicode char U+0144 (decimal 324)
   defining Unicode char U+0145 (decimal 325)
   defining Unicode char U+0146 (decimal 326)
   defining Unicode char U+0147 (decimal 327)
   defining Unicode char U+0148 (decimal 328)
   defining Unicode char U+014A (decimal 330)
   defining Unicode char U+014B (decimal 331)
   defining Unicode char U+014C (decimal 332)
   defining Unicode char U+014D (decimal 333)
   defining Unicode char U+014E (decimal 334)
   defining Unicode char U+014F (decimal 335)
   defining Unicode char U+0150 (decimal 336)
   defining Unicode char U+0151 (decimal 337)
   defining Unicode char U+0152 (decimal 338)
   defining Unicode char U+0153 (decimal 339)
   defining Unicode char U+0154 (decimal 340)
   defining Unicode char U+0155 (decimal 341)
   defining Unicode char U+0156 (decimal 342)
   defining Unicode char U+0157 (decimal 343)
   defining Unicode char U+0158 (decimal 344)
   defining Unicode char U+0159 (decimal 345)
   defining Unicode char U+015A (decimal 346)
   defining Unicode char U+015B (decimal 347)
   defining Unicode char U+015C (decimal 348)
   defining Unicode char U+015D (decimal 349)
   defining Unicode char U+015E (decimal 350)
   defining Unicode char U+015F (decimal 351)
   defining Unicode char U+0160 (decimal 352)
   defining Unicode char U+0161 (decimal 353)
   defining Unicode char U+0162 (decimal 354)
   defining Unicode char U+0163 (decimal 355)
   defining Unicode char U+0164 (decimal 356)
   defining Unicode char U+0165 (decimal 357)
   defining Unicode char U+0168 (decimal 360)
   defining Unicode char U+0169 (decimal 361)
   defining Unicode char U+016A (decimal 362)
   defining Unicode char U+016B (decimal 363)
   defining Unicode char U+016C (decimal 364)
   defining Unicode char U+016D (decimal 365)
   defining Unicode char U+016E (decimal 366)
   defining Unicode char U+016F (decimal 367)
   defining Unicode char U+0170 (decimal 368)
   defining Unicode char U+0171 (decimal 369)
   defining Unicode char U+0172 (decimal 370)
   defining Unicode char U+0173 (decimal 371)
   defining Unicode char U+0174 (decimal 372)
   defining Unicode char U+0175 (decimal 373)
   defining Unicode char U+0176 (decimal 374)
   defining Unicode char U+0177 (decimal 375)
   defining Unicode char U+0178 (decimal 376)
   defining Unicode char U+0179 (decimal 377)
   defining Unicode char U+017A (decimal 378)
   defining Unicode char U+017B (decimal 379)
   defining Unicode char U+017C (decimal 380)
   defining Unicode char U+017D (decimal 381)
   defining Unicode char U+017E (decimal 382)
   defining Unicode char U+01CD (decimal 461)
   defining Unicode char U+01CE (decimal 462)
   defining Unicode char U+01CF (decimal 463)
   defining Unicode char U+01D0 (decimal 464)
   defining Unicode char U+01D1 (decimal 465)
   defining Unicode char U+01D2 (decimal 466)
   defining Unicode char U+01D3 (decimal 467)
   defining Unicode char U+01D4 (decimal 468)
   defining Unicode char U+01E2 (decimal 482)
   defining Unicode char U+01E3 (decimal 483)
   defining Unicode char U+01E6 (decimal 486)
   defining Unicode char U+01E7 (decimal 487)
   defining Unicode char U+01E8 (decimal 488)
   defining Unicode char U+01E9 (decimal 489)
   defining Unicode char U+01EA (decimal 490)
   defining Unicode char U+01EB (decimal 491)
   defining Unicode char U+01F0 (decimal 496)
   defining Unicode char U+01F4 (decimal 500)
   defining Unicode char U+01F5 (decimal 501)
   defining Unicode char U+0218 (decimal 536)
   defining Unicode char U+0219 (decimal 537)
   defining Unicode char U+021A (decimal 538)
   defining Unicode char U+021B (decimal 539)
   defining Unicode char U+01E02 (decimal 7682)
   defining Unicode char U+01E03 (decimal 7683)
   defining Unicode char U+200C (decimal 8204)
   defining Unicode char U+2013 (decimal 8211)
   defining Unicode char U+2014 (decimal 8212)
   defining Unicode char U+2018 (decimal 8216)
   defining Unicode char U+2019 (decimal 8217)
   defining Unicode char U+201A (decimal 8218)
   defining Unicode char U+201C (decimal 8220)
   defining Unicode char U+201D (decimal 8221)
   defining Unicode char U+201E (decimal 8222)
   defining Unicode char U+2030 (decimal 8240)
   defining Unicode char U+2031 (decimal 8241)
   defining Unicode char U+2039 (decimal 8249)
   defining Unicode char U+203A (decimal 8250)
   defining Unicode char U+2423 (decimal 9251)
)
Now handling font encoding OT1 ...
... processing UTF-8 mapping file for font encoding OT1

(/usr/share/texlive/texmf-dist/tex/latex/base/ot1enc.dfu
File: ot1enc.dfu 2015/12/03 v1.1r UTF-8 support for inputenc
   defining Unicode char U+00A0 (decimal 160)
   defining Unicode char U+00A1 (decimal 161)
   defining Unicode char U+00A3 (decimal 163)
   defining Unicode char U+00AD (decimal 173)
   defining Unicode char U+00B8 (decimal 184)
   defining Unicode char U+00BF (decimal 191)
   defining Unicode char U+00C5 (decimal 197)
   defining Unicode char U+00C6 (decimal 198)
   defining Unicode char U+00D8 (decimal 216)
   defining Unicode char U+00DF (decimal 223)
   defining Unicode char U+00E6 (decimal 230)
   defining Unicode char U+00EC (decimal 236)
   defining Unicode char U+00ED (decimal 237)
   defining Unicode char U+00EE (decimal 238)
   defining Unicode char U+00EF (decimal 239)
   defining Unicode char U+00F8 (decimal 248)
   defining Unicode char U+0131 (decimal 305)
   defining Unicode char U+0141 (decimal 321)
   defining Unicode char U+0142 (decimal 322)
   defining Unicode char U+0152 (decimal 338)
   defining Unicode char U+0153 (decimal 339)
   defining Unicode char U+0174 (decimal 372)
   defining Unicode char U+0175 (decimal 373)
   defining Unicode char U+0176 (decimal 374)
   defining Unicode char U+0177 (decimal 375)
   defining Unicode char U+0218 (decimal 536)
   defining Unicode char U+0219 (decimal 537)
   defining Unicode char U+021A (decimal 538)
   defining Unicode char U+021B (decimal 539)
   defining Unicode char U+2013 (decimal 8211)
   defining Unicode char U+2014 (decimal 8212)
   defining Unicode char U+2018 (decimal 8216)
   defining Unicode char U+2019 (decimal 8217)
   defining Unicode char U+201C (decimal 8220)
   defining Unicode char U+201D (decimal 8221)
)
Now handling font encoding OMS ...
... processing UTF-8 mapping file for font encoding OMS

(/usr/share/texlive/texmf-dist/tex/latex/base/omsenc.dfu
File: omsenc.dfu 2015/12/03 v1.1r UTF-8 support for inputenc
   defining Unicode char U+00A7 (decimal 167)
   defining Unicode char U+00B6 (decimal 182)
   defining Unicode char U+00B7 (decimal 183)
   defining Unicode char U+2020 (decimal 8224)
   defining Unicode char U+2021 (decimal 8225)
   defining Unicode char U+2022 (decimal 8226)
)
Now handling font encoding OMX ...
... no UTF-8 mapping file for font encoding OMX
Now handling font encoding U ...
... no UTF-8 mapping file for font encoding U
Now handling font encoding PD1 ...
... no UTF-8 mapping file for font encoding PD1
   defining Unicode char U+00A9 (decimal 169)
   defining Unicode char U+00AA (decimal 170)
   defining Unicode char U+00AE (decimal 174)
   defining Unicode char U+00BA (decimal 186)
   defining Unicode char U+02C6 (decimal 710)
   defining Unicode char U+02DC (decimal 732)
   defining Unicode char U+200C (decimal 8204)
   defining Unicode char U+2026 (decimal 8230)
   defining Unicode char U+2122 (decimal 8482)
   defining Unicode char U+2423 (decimal 9251)
))
(/usr/share/texlive/texmf-dist/tex/latex/xcolor/xcolor.sty
Package: xcolor 2007/01/21 v2.11 LaTeX color extensions (UK)

(/usr/share/texlive/texmf-dist/tex/latex/latexconfig/color.cfg
File: color.cfg 2007/01/18 v1.5 color configuration of teTeX/TeXLive
)
Package xcolor Info: Driver file: pdftex.def on input line 225.

(/usr/share/texlive/texmf-dist/tex/latex/colortbl/colortbl.sty
Package: colortbl 2012/02/13 v1.0a Color table columns (DPC)
\everycr=\toks30
\minrowclearance=\skip57
)
LaTeX Info: Redefining \color on input line 702.
\rownum=\count137
Package xcolor Info: Model `cmy' substituted by `cmy0' on input line 1337.
Package xcolor Info: Model `hsb' substituted by `rgb' on input line 1341.
Package xcolor Info: Model `RGB' extended on input line 1353.
Package xcolor Info: Model `HTML' substituted by `rgb' on input line 1355.
Package xcolor Info: Model `Hsb' substituted by `hsb' on input line 1356.
Package xcolor Info: Model `tHsb' substituted by `hsb' on input line 1357.
Package xcolor Info: Model `HSB' substituted by `hsb' on input line 1358.
Package xcolor Info: Model `Gray' substituted by `gray' on input line 1359.
Package xcolor Info: Model `wave' substituted by `hsb' on input line 1360.
)
(/usr/share/texlive/texmf-dist/tex/latex/geometry/geometry.sty
Package: geometry 2010/09/12 v5.6 Page Geometry
\Gm@cnth=\count138
\Gm@cntv=\count139
\c@Gm@tempcnt=\count140
\Gm@bindingoffset=\dimen167
\Gm@wd@mp=\dimen168
\Gm@odd@mp=\dimen169
\Gm@even@mp=\dimen170
\Gm@layoutwidth=\dimen171
\Gm@layoutheight=\dimen172
\Gm@layouthoffset=\dimen173
\Gm@layoutvoffset=\dimen174
\Gm@dimlist=\toks31
)
(/usr/share/texlive/texmf-dist/tex/latex/cite/cite.sty
LaTeX Info: Redefining \cite on input line 302.
LaTeX Info: Redefining \nocite on input line 332.
Package: cite 2015/02/27  v 5.5
) (./paper.aux)
\openout1 = `paper.aux'.

LaTeX Font Info:    Checking defaults for OML/cmm/m/it on input line 68.
LaTeX Font Info:    ... okay on input line 68.
LaTeX Font Info:    Checking defaults for T1/cmr/m/n on input line 68.
LaTeX Font Info:    ... okay on input line 68.
LaTeX Font Info:    Checking defaults for OT1/cmr/m/n on input line 68.
LaTeX Font Info:    ... okay on input line 68.
LaTeX Font Info:    Checking defaults for OMS/cmsy/m/n on input line 68.
LaTeX Font Info:    ... okay on input line 68.
LaTeX Font Info:    Checking defaults for OMX/cmex/m/n on input line 68.
LaTeX Font Info:    ... okay on input line 68.
LaTeX Font Info:    Checking defaults for U/cmr/m/n on input line 68.
LaTeX Font Info:    ... okay on input line 68.
LaTeX Font Info:    Checking defaults for PD1/pdf/m/n on input line 68.
LaTeX Font Info:    ... okay on input line 68.
LaTeX Font Info:    Font shape `T1/ppl/bx/n' in size <5.01874> not available
(Font)              Font shape `T1/ppl/b/n' tried instead on input line 68.
LaTeX Font Info:    Font shape `T1/ppl/bx/it' in size <5.01874> not available
(Font)              Font shape `T1/ppl/b/it' tried instead on input line 68.
LaTeX Font Info:    Font shape `T1/ppl/bx/n' in size <7.02625> not available
(Font)              Font shape `T1/ppl/b/n' tried instead on input line 68.
LaTeX Font Info:    Font shape `T1/ppl/bx/it' in size <7.02625> not available
(Font)              Font shape `T1/ppl/b/it' tried instead on input line 68.
LaTeX Font Info:    Font shape `T1/ppl/bx/n' in size <8.03> not available
(Font)              Font shape `T1/ppl/b/n' tried instead on input line 68.
LaTeX Font Info:    Font shape `T1/ppl/bx/it' in size <8.03> not available
(Font)              Font shape `T1/ppl/b/it' tried instead on input line 68.
LaTeX Font Info:    Font shape `T1/ppl/bx/n' in size <9.03374> not available
(Font)              Font shape `T1/ppl/b/n' tried instead on input line 68.
LaTeX Font Info:    Font shape `T1/ppl/bx/it' in size <9.03374> not available
(Font)              Font shape `T1/ppl/b/it' tried instead on input line 68.
LaTeX Font Info:    Font shape `T1/ppl/bx/n' in size <9.53561> not available
(Font)              Font shape `T1/ppl/b/n' tried instead on input line 68.
LaTeX Font Info:    Font shape `T1/ppl/bx/it' in size <9.53561> not available
(Font)              Font shape `T1/ppl/b/it' tried instead on input line 68.
LaTeX Font Info:    Font shape `T1/ppl/bx/n' in size <11.04124> not available
(Font)              Font shape `T1/ppl/b/n' tried instead on input line 68.
LaTeX Font Info:    Font shape `T1/ppl/bx/it' in size <11.04124> not available
(Font)              Font shape `T1/ppl/b/it' tried instead on input line 68.
LaTeX Font Info:    Font shape `T1/ppl/bx/n' in size <12.045> not available
(Font)              Font shape `T1/ppl/b/n' tried instead on input line 68.
LaTeX Font Info:    Font shape `T1/ppl/bx/it' in size <12.045> not available
(Font)              Font shape `T1/ppl/b/it' tried instead on input line 68.
LaTeX Font Info:    Font shape `T1/ppl/bx/n' in size <17.06374> not available
(Font)              Font shape `T1/ppl/b/n' tried instead on input line 68.
LaTeX Font Info:    Font shape `T1/ppl/bx/it' in size <17.06374> not available
(Font)              Font shape `T1/ppl/b/it' tried instead on input line 68.
LaTeX Font Info:    Font shape `T1/ppl/bx/n' in size <20.075> not available
(Font)              Font shape `T1/ppl/b/n' tried instead on input line 68.
LaTeX Font Info:    Font shape `T1/ppl/bx/it' in size <20.075> not available
(Font)              Font shape `T1/ppl/b/it' tried instead on input line 68.
LaTeX Font Info:    Font shape `T1/ppl/bx/n' in size <24.09> not available
(Font)              Font shape `T1/ppl/b/n' tried instead on input line 68.
LaTeX Font Info:    Font shape `T1/ppl/bx/it' in size <24.09> not available
(Font)              Font shape `T1/ppl/b/it' tried instead on input line 68.

-- Lines per column: 56 (approximate, difference = 1.76704pt).
\AtBeginShipoutBox=\box36
Package hyperref Info: Link coloring OFF on input line 68.
(/usr/share/texlive/texmf-dist/tex/latex/hyperref/nameref.sty
Package: nameref 2012/10/27 v2.43 Cross-referencing by name of section

(/usr/share/texlive/texmf-dist/tex/generic/oberdiek/gettitlestring.sty
Package: gettitlestring 2010/12/03 v1.4 Cleanup title references (HO)
)
\c@section@level=\count141
)
LaTeX Info: Redefining \ref on input line 68.
LaTeX Info: Redefining \pageref on input line 68.
LaTeX Info: Redefining \nameref on input line 68.

(./paper.out) (./paper.out)
\@outlinefile=\write3
\openout3 = `paper.out'.

Package caption Info: Begin \AtBeginDocument code.
Package caption Info: subfig package v1.3 is loaded.
Package caption Info: rotating package is loaded.
Package caption Info: End \AtBeginDocument code.

(/usr/share/texlive/texmf-dist/tex/context/base/supp-pdf.mkii
[Loading MPS to PDF converter (version 2006.09.02).]
\scratchcounter=\count142
\scratchdimen=\dimen175
\scratchbox=\box37
\nofMPsegments=\count143
\nofMParguments=\count144
\everyMPshowfont=\toks32
\MPscratchCnt=\count145
\MPscratchDim=\dimen176
\MPnumerator=\count146
\makeMPintoPDFobject=\count147
\everyMPtoPDFconversion=\toks33
) (/usr/share/texlive/texmf-dist/tex/latex/oberdiek/epstopdf-base.sty
Package: epstopdf-base 2010/02/09 v2.5 Base part for package epstopdf

(/usr/share/texlive/texmf-dist/tex/latex/oberdiek/grfext.sty
Package: grfext 2010/08/19 v1.1 Manage graphics extensions (HO)
)
Package grfext Info: Graphics extension search list:
(grfext)             [.png,.pdf,.jpg,.mps,.jpeg,.jbig2,.jb2,.PNG,.PDF,.JPG,.JPE
G,.JBIG2,.JB2,.eps]
(grfext)             \AppendGraphicsExtensions on input line 452.

(/usr/share/texlive/texmf-dist/tex/latex/latexconfig/epstopdf-sys.cfg
File: epstopdf-sys.cfg 2010/07/13 v1.3 Configuration of (r)epstopdf for TeX Liv
e
))
*geometry* driver: auto-detecting
*geometry* detected driver: pdftex
*geometry* verbose mode - [ preamble ] result:
* driver: pdftex
* paper: <default>
* layout: <same size as paper>
* layoutoffset:(h,v)=(0.0pt,0.0pt)
* modes: 
* h-part:(L,W,R)=(72.26999pt, 469.75502pt, 72.26999pt)
* v-part:(T,H,B)=(72.26999pt, 650.43001pt, 72.26999pt)
* \paperwidth=614.295pt
* \paperheight=794.96999pt
* \textwidth=469.75502pt
* \textheight=650.43001pt
* \oddsidemargin=0.0pt
* \evensidemargin=0.0pt
* \topmargin=-18.69788pt
* \headheight=12.0pt
* \headsep=6.69788pt
* \topskip=11.58327pt
* \footskip=19.1765pt
* \marginparwidth=20.0pt
* \marginparsep=10.0pt
* \columnsep=12.045pt
* \skip\footins=10.42487pt plus 4.63322pt minus 2.3166pt
* \hoffset=0.0pt
* \voffset=0.0pt
* \mag=1000
* \@twocolumntrue
* \@twosidefalse
* \@mparswitchfalse
* \@reversemarginfalse
* (1in=72.27pt=25.4mm, 1cm=28.453pt)

LaTeX Font Info:    Try loading font information for T1+phv on input line 105.
(/usr/share/texlive/texmf-dist/tex/latex/psnfss/t1phv.fd
File: t1phv.fd 2001/06/04 scalable font definitions for T1/phv.
)
LaTeX Font Info:    Font shape `T1/phv/m/it' in size <11.04124> not available
(Font)              Font shape `T1/phv/m/sl' tried instead on input line 105.
LaTeX Font Info:    Font shape `T1/phv/bx/n' in size <8.03> not available
(Font)              Font shape `T1/phv/b/n' tried instead on input line 105.
LaTeX Font Info:    Calculating math sizes for size <11.04124> on input line 10
5.
LaTeX Font Info:    Try loading font information for U+msa on input line 105.

(/usr/share/texlive/texmf-dist/tex/latex/amsfonts/umsa.fd
File: umsa.fd 2013/01/14 v3.01 AMS symbols A
)
LaTeX Font Info:    Try loading font information for U+msb on input line 105.

(/usr/share/texlive/texmf-dist/tex/latex/amsfonts/umsb.fd
File: umsb.fd 2013/01/14 v3.01 AMS symbols B
)
LaTeX Font Info:    Try loading font information for U+pzd on input line 105.

(/usr/share/texlive/texmf-dist/tex/latex/psnfss/upzd.fd
File: upzd.fd 2001/06/04 font definitions for U/pzd.
)
LaTeX Font Info:    Calculating math sizes for size <8.03> on input line 105.
LaTeX Font Info:    Font shape `T1/phv/bx/n' in size <11.04124> not available
(Font)              Font shape `T1/phv/b/n' tried instead on input line 110.
LaTeX Font Info:    Font shape `T1/phv/bx/sc' in size <11.04124> not available
(Font)              Font shape `T1/phv/b/sc' tried instead on input line 110.
 [1{/var/lib/texmf/fonts/map/pdftex/updmap/pdftex.map}


]
Underfull \hbox (badness 1990) in paragraph at lines 127--130
\T1/ppl/m/n/9.53561 Bresler [[]8[]] pro-posed a dictionary-based learn-ing
 []

[2]
LaTeX Font Info:    Font shape `T1/phv/bx/n' in size <9.53561> not available
(Font)              Font shape `T1/phv/b/n' tried instead on input line 155.
LaTeX Font Info:    Calculating math sizes for size <9.53561> on input line 156
.

<include/grp1/example_mask_kspace_with_arrows.png, id=120, 233.37187pt x 233.37
187pt>
File: include/grp1/example_mask_kspace_with_arrows.png Graphic file (type png)
 <use include/grp1/example_mask_kspace_with_arrows.png>
Package pdftex.def Info: include/grp1/example_mask_kspace_with_arrows.png used 
on input line 170.
(pdftex.def)             Requested size: 51.21376pt x 51.21376pt.

<include/grp2/example_original.png, id=122, 309.60468pt x 589.14503pt>
File: include/grp2/example_original.png Graphic file (type png)

<use include/grp2/example_original.png>
Package pdftex.def Info: include/grp2/example_original.png used on input line 1
72.
(pdftex.def)             Requested size: 51.21483pt x 51.21385pt.

<include/grp2/example_samplingMask4.png, id=123, 309.60468pt x 589.14503pt>
File: include/grp2/example_samplingMask4.png Graphic file (type png)

<use include/grp2/example_samplingMask4.png>
Package pdftex.def Info: include/grp2/example_samplingMask4.png used on input l
ine 174.
(pdftex.def)             Requested size: 51.21483pt x 51.21385pt.

<include/grp2/example_zeroPadding.png, id=124, 309.60468pt x 589.14503pt>
File: include/grp2/example_zeroPadding.png Graphic file (type png)

<use include/grp2/example_zeroPadding.png>
Package pdftex.def Info: include/grp2/example_zeroPadding.png used on input lin
e 175.
(pdftex.def)             Requested size: 51.21483pt x 51.21385pt.

<include/grp2/system_chart.png, id=131, 868.24374pt x 424.58624pt>
File: include/grp2/system_chart.png Graphic file (type png)

<use include/grp2/system_chart.png>
Package pdftex.def Info: include/grp2/system_chart.png used on input line 216.
(pdftex.def)             Requested size: 227.61931pt x 113.81055pt.

Underfull \vbox (badness 2020) has occurred while \output is active []

 [3 <./include/grp1/example_mask_kspace_with_arrows.png> <./include/grp2/exampl
e_original.png> <./include/grp2/example_samplingMask4.png> <./include/grp2/exam
ple_zeroPadding.png>] <include/grp2/generator_arch.png, id=167, 1267.73625pt x 
345.29pt>
File: include/grp2/generator_arch.png Graphic file (type png)

<use include/grp2/generator_arch.png>
Package pdftex.def Info: include/grp2/generator_arch.png used on input line 241
.
(pdftex.def)             Requested size: 284.51262pt x 56.90189pt.

<include/grp2/discrimonator_arch.png, id=168, 1054.94125pt x 300.12125pt>
File: include/grp2/discrimonator_arch.png Graphic file (type png)

<use include/grp2/discrimonator_arch.png>
Package pdftex.def Info: include/grp2/discrimonator_arch.png used on input line
 248.
(pdftex.def)             Requested size: 284.516pt x 56.90456pt.

Underfull \hbox (badness 3281) in paragraph at lines 266--267
[]\T1/ppl/m/n/9.53561 The gen-er-a-tor is com-posed of $\OT1/cmr/m/n/10 5$ \T1/
ppl/m/n/9.53561 blocks of
 []


Underfull \hbox (badness 10000) in paragraph at lines 266--267
\T1/ppl/m/n/9.53561 CONV-BatchNorm-ReLU, with out-put chan-nels
 []

Package epstopdf Info: Source file: <include/grp2/mask2.eps>
(epstopdf)                    date: 2018-02-20 08:16:35
(epstopdf)                    size: 1190313 bytes
(epstopdf)             Output file: <include/grp2/mask2-eps-converted-to.pdf>
(epstopdf)                    date: 2018-02-20 08:16:35
(epstopdf)                    size: 37054 bytes
(epstopdf)             Command: <repstopdf --outfile=include/grp2/mask2-eps-con
verted-to.pdf include/grp2/mask2.eps>
(epstopdf)             \includegraphics on input line 277.
Package epstopdf Info: Output file is already uptodate.
<include/grp2/mask2-eps-converted-to.pdf, id=180, 111.41624pt x 272.01625pt>
File: include/grp2/mask2-eps-converted-to.pdf Graphic file (type pdf)

<use include/grp2/mask2-eps-converted-to.pdf>
Package pdftex.def Info: include/grp2/mask2-eps-converted-to.pdf used on input 
line 277.
(pdftex.def)             Requested size: 56.90483pt x 56.9051pt.
Package epstopdf Info: Source file: <include/grp2/mask4.eps>
(epstopdf)                    date: 2018-02-20 08:16:35
(epstopdf)                    size: 1190313 bytes
(epstopdf)             Output file: <include/grp2/mask4-eps-converted-to.pdf>
(epstopdf)                    date: 2018-02-20 08:16:35
(epstopdf)                    size: 37051 bytes
(epstopdf)             Command: <repstopdf --outfile=include/grp2/mask4-eps-con
verted-to.pdf include/grp2/mask4.eps>
(epstopdf)             \includegraphics on input line 279.
Package epstopdf Info: Output file is already uptodate.

<include/grp2/mask4-eps-converted-to.pdf, id=181, 111.41624pt x 272.01625pt>
File: include/grp2/mask4-eps-converted-to.pdf Graphic file (type pdf)

<use include/grp2/mask4-eps-converted-to.pdf>
Package pdftex.def Info: include/grp2/mask4-eps-converted-to.pdf used on input 
line 279.
(pdftex.def)             Requested size: 56.90483pt x 56.9051pt.
Package epstopdf Info: Source file: <include/grp2/mask6.eps>
(epstopdf)                    date: 2018-02-20 08:16:35
(epstopdf)                    size: 1190315 bytes
(epstopdf)             Output file: <include/grp2/mask6-eps-converted-to.pdf>
(epstopdf)                    date: 2018-02-20 08:16:35
(epstopdf)                    size: 37050 bytes
(epstopdf)             Command: <repstopdf --outfile=include/grp2/mask6-eps-con
verted-to.pdf include/grp2/mask6.eps>
(epstopdf)             \includegraphics on input line 281.
Package epstopdf Info: Output file is already uptodate.

<include/grp2/mask6-eps-converted-to.pdf, id=182, 111.41624pt x 272.01625pt>
File: include/grp2/mask6-eps-converted-to.pdf Graphic file (type pdf)

<use include/grp2/mask6-eps-converted-to.pdf>
Package pdftex.def Info: include/grp2/mask6-eps-converted-to.pdf used on input 
line 281.
(pdftex.def)             Requested size: 56.90483pt x 56.9051pt.

Underfull \vbox (badness 10000) has occurred while \output is active []

 [4 <./include/grp2/system_chart.png>]
LaTeX Font Info:    Calculating math sizes for size <7.02625> on input line 314
.
LaTeX Font Info:    Calculating math sizes for size <5.01874> on input line 314
.


LaTeX Font Warning: Font shape `OT1/cmr/m/n' in size <2.50937> not available
(Font)              size <5> substituted on input line 314.


LaTeX Font Warning: Font shape `OML/cmm/m/it' in size <2.50937> not available
(Font)              size <5> substituted on input line 314.


LaTeX Font Warning: Font shape `OMS/cmsy/m/n' in size <2.50937> not available
(Font)              size <5> substituted on input line 314.


LaTeX Font Warning: Font shape `OT1/cmr/bx/n' in size <2.50937> not available
(Font)              size <5> substituted on input line 314.


LaTeX Font Warning: Font shape `OML/cmm/b/it' in size <2.50937> not available
(Font)              size <5> substituted on input line 314.


LaTeX Font Warning: Font shape `OMS/cmsy/b/n' in size <2.50937> not available
(Font)              size <5> substituted on input line 314.

[5 <./include/grp2/generator_arch.png> <./include/grp2/discrimonator_arch.png> 
<./include/grp2/mask2-eps-converted-to.pdf> <./include/grp2/mask4-eps-converted
-to.pdf> <./include/grp2/mask6-eps-converted-to.pdf>]
Overfull \hbox (4.55952pt too wide) in paragraph at lines 534--534
[]|[]|  
 []


Overfull \vbox (42.63255pt too high) detected at line 534
 []


<include/grp2/factor6/022-Guys-0701-T1/022-Guys-0701-T1_images__50.png, id=243,
 190.21465pt x 173.73708pt>
File: include/grp2/factor6/022-Guys-0701-T1/022-Guys-0701-T1_images__50.png Gra
phic file (type png)

<use include/grp2/factor6/022-Guys-0701-T1/022-Guys-0701-T1_images__50.png>
Package pdftex.def Info: include/grp2/factor6/022-Guys-0701-T1/022-Guys-0701-T1
_images__50.png used on input line 536.
(pdftex.def)             Requested size: 71.13293pt x 71.13191pt.

<include/grp2/factor6/022-Guys-0701-T1/022-Guys-0701-T1_images__zeroPadding_50.
png, id=244, 190.21465pt x 173.73708pt>
File: include/grp2/factor6/022-Guys-0701-T1/022-Guys-0701-T1_images__zeroPaddin
g_50.png Graphic file (type png)

<use include/grp2/factor6/022-Guys-0701-T1/022-Guys-0701-T1_images__zeroPadding
_50.png>
Package pdftex.def Info: include/grp2/factor6/022-Guys-0701-T1/022-Guys-0701-T1
_images__zeroPadding_50.png used on input line 537.
(pdftex.def)             Requested size: 71.13293pt x 71.13191pt.

<include/grp2/factor6/022-Guys-0701-T1/022-Guys-0701-T1_images__CS_50.png, id=2
45, 190.21465pt x 173.73708pt>
File: include/grp2/factor6/022-Guys-0701-T1/022-Guys-0701-T1_images__CS_50.png 
Graphic file (type png)

<use include/grp2/factor6/022-Guys-0701-T1/022-Guys-0701-T1_images__CS_50.png>
Package pdftex.def Info: include/grp2/factor6/022-Guys-0701-T1/022-Guys-0701-T1
_images__CS_50.png used on input line 537.
(pdftex.def)             Requested size: 71.13293pt x 71.13191pt.

<include/grp2/factor6/022-Guys-0701-T1/022-Guys-0701-T1_images__IMCNNL2TUNE_50.
png, id=246, 158.41583pt x 144.82909pt>
File: include/grp2/factor6/022-Guys-0701-T1/022-Guys-0701-T1_images__IMCNNL2TUN
E_50.png Graphic file (type png)

<use include/grp2/factor6/022-Guys-0701-T1/022-Guys-0701-T1_images__IMCNNL2TUNE
_50.png>
Package pdftex.def Info: include/grp2/factor6/022-Guys-0701-T1/022-Guys-0701-T1
_images__IMCNNL2TUNE_50.png used on input line 537.
(pdftex.def)             Requested size: 71.13176pt x 71.1304pt.

<include/grp2/factor6/022-Guys-0701-T1/022-Guys-0701-T1_images__predict_50.png,
 id=247, 190.21465pt x 173.73708pt>
File: include/grp2/factor6/022-Guys-0701-T1/022-Guys-0701-T1_images__predict_50
.png Graphic file (type png)

<use include/grp2/factor6/022-Guys-0701-T1/022-Guys-0701-T1_images__predict_50.
png>
Package pdftex.def Info: include/grp2/factor6/022-Guys-0701-T1/022-Guys-0701-T1
_images__predict_50.png used on input line 537.
(pdftex.def)             Requested size: 71.13293pt x 71.13191pt.

Overfull \hbox (4.31462pt too wide) in paragraph at lines 541--541
[]|[]|  
 []


Overfull \vbox (22.36526pt too high) detected at line 541
 []


<include/grp2/factor6/022-Guys-0701-T1/022-Guys-0701-T1_images__zoom_50.png, id
=248, 190.21465pt x 211.0284pt>
File: include/grp2/factor6/022-Guys-0701-T1/022-Guys-0701-T1_images__zoom_50.pn
g Graphic file (type png)

<use include/grp2/factor6/022-Guys-0701-T1/022-Guys-0701-T1_images__zoom_50.png
>
Package pdftex.def Info: include/grp2/factor6/022-Guys-0701-T1/022-Guys-0701-T1
_images__zoom_50.png used on input line 543.
(pdftex.def)             Requested size: 71.13293pt x 71.13045pt.

<include/grp2/factor6/022-Guys-0701-T1/022-Guys-0701-T1_images__zeroPadding_zoo
m_50.png, id=249, 190.21465pt x 211.0284pt>
File: include/grp2/factor6/022-Guys-0701-T1/022-Guys-0701-T1_images__zeroPaddin
g_zoom_50.png Graphic file (type png)

<use include/grp2/factor6/022-Guys-0701-T1/022-Guys-0701-T1_images__zeroPadding
_zoom_50.png>
Package pdftex.def Info: include/grp2/factor6/022-Guys-0701-T1/022-Guys-0701-T1
_images__zeroPadding_zoom_50.png used on input line 544.
(pdftex.def)             Requested size: 71.13293pt x 71.13045pt.

<include/grp2/factor6/022-Guys-0701-T1/022-Guys-0701-T1_images__CS_zoom_50.png,
 id=250, 190.21465pt x 211.0284pt>
File: include/grp2/factor6/022-Guys-0701-T1/022-Guys-0701-T1_images__CS_zoom_50
.png Graphic file (type png)

<use include/grp2/factor6/022-Guys-0701-T1/022-Guys-0701-T1_images__CS_zoom_50.
png>
Package pdftex.def Info: include/grp2/factor6/022-Guys-0701-T1/022-Guys-0701-T1
_images__CS_zoom_50.png used on input line 545.
(pdftex.def)             Requested size: 71.13293pt x 71.13045pt.

<include/grp2/factor6/022-Guys-0701-T1/022-Guys-0701-T1_images__IMCNNL2TUNE_zoo
m_50.png, id=251, 158.41583pt x 175.76064pt>
File: include/grp2/factor6/022-Guys-0701-T1/022-Guys-0701-T1_images__IMCNNL2TUN
E_zoom_50.png Graphic file (type png)

<use include/grp2/factor6/022-Guys-0701-T1/022-Guys-0701-T1_images__IMCNNL2TUNE
_zoom_50.png>
Package pdftex.def Info: include/grp2/factor6/022-Guys-0701-T1/022-Guys-0701-T1
_images__IMCNNL2TUNE_zoom_50.png used on input line 545.
(pdftex.def)             Requested size: 71.13176pt x 71.1317pt.

<include/grp2/factor6/022-Guys-0701-T1/022-Guys-0701-T1_images__predict_zoom_50
.png, id=252, 190.21465pt x 211.0284pt>
File: include/grp2/factor6/022-Guys-0701-T1/022-Guys-0701-T1_images__predict_zo
om_50.png Graphic file (type png)

<use include/grp2/factor6/022-Guys-0701-T1/022-Guys-0701-T1_images__predict_zoo
m_50.png>
Package pdftex.def Info: include/grp2/factor6/022-Guys-0701-T1/022-Guys-0701-T1
_images__predict_zoom_50.png used on input line 545.
(pdftex.def)             Requested size: 71.13293pt x 71.13045pt.

Overfull \hbox (4.16606pt too wide) in paragraph at lines 549--549
[]|[]|  
 []


<include/grp2/factor6/022-Guys-0701-T1/022-Guys-0701-T1_brains__50.png, id=253,
 190.21465pt x 209.00484pt>
File: include/grp2/factor6/022-Guys-0701-T1/022-Guys-0701-T1_brains__50.png Gra
phic file (type png)

<use include/grp2/factor6/022-Guys-0701-T1/022-Guys-0701-T1_brains__50.png>
Package pdftex.def Info: include/grp2/factor6/022-Guys-0701-T1/022-Guys-0701-T1
_brains__50.png used on input line 551.
(pdftex.def)             Requested size: 71.13293pt x 71.13086pt.

<include/grp2/factor6/022-Guys-0701-T1/022-Guys-0701-T1_brains__zeroPadding_50.
png, id=254, 190.21465pt x 209.00484pt>
File: include/grp2/factor6/022-Guys-0701-T1/022-Guys-0701-T1_brains__zeroPaddin
g_50.png Graphic file (type png)

<use include/grp2/factor6/022-Guys-0701-T1/022-Guys-0701-T1_brains__zeroPadding
_50.png>
Package pdftex.def Info: include/grp2/factor6/022-Guys-0701-T1/022-Guys-0701-T1
_brains__zeroPadding_50.png used on input line 552.
(pdftex.def)             Requested size: 71.13293pt x 71.13086pt.

<include/grp2/factor6/022-Guys-0701-T1/022-Guys-0701-T1_brains__CS_50.png, id=2
55, 190.21465pt x 209.00484pt>
File: include/grp2/factor6/022-Guys-0701-T1/022-Guys-0701-T1_brains__CS_50.png 
Graphic file (type png)

<use include/grp2/factor6/022-Guys-0701-T1/022-Guys-0701-T1_brains__CS_50.png>
Package pdftex.def Info: include/grp2/factor6/022-Guys-0701-T1/022-Guys-0701-T1
_brains__CS_50.png used on input line 552.
(pdftex.def)             Requested size: 71.13293pt x 71.13086pt.

<include/grp2/factor6/022-Guys-0701-T1/022-Guys-0701-T1_brains__IMCNNL2TUNE_50.
png, id=256, 158.41583pt x 174.02615pt>
File: include/grp2/factor6/022-Guys-0701-T1/022-Guys-0701-T1_brains__IMCNNL2TUN
E_50.png Graphic file (type png)

<use include/grp2/factor6/022-Guys-0701-T1/022-Guys-0701-T1_brains__IMCNNL2TUNE
_50.png>
Package pdftex.def Info: include/grp2/factor6/022-Guys-0701-T1/022-Guys-0701-T1
_brains__IMCNNL2TUNE_50.png used on input line 552.
(pdftex.def)             Requested size: 71.13176pt x 71.13077pt.

<include/grp2/factor6/022-Guys-0701-T1/022-Guys-0701-T1_brains__predict_50.png,
 id=257, 190.21465pt x 209.00484pt>
File: include/grp2/factor6/022-Guys-0701-T1/022-Guys-0701-T1_brains__predict_50
.png Graphic file (type png)

<use include/grp2/factor6/022-Guys-0701-T1/022-Guys-0701-T1_brains__predict_50.
png>
Package pdftex.def Info: include/grp2/factor6/022-Guys-0701-T1/022-Guys-0701-T1
_brains__predict_50.png used on input line 552.
(pdftex.def)             Requested size: 71.13293pt x 71.13086pt.

Overfull \hbox (6.40642pt too wide) in paragraph at lines 556--556
[]|[]|  
 []


Overfull \vbox (29.09009pt too high) detected at line 556
 []


<include/grp2/factor6/022-Guys-0701-T1/022-Guys-0701-T1_segs__50.png, id=258, 1
90.21465pt x 209.00484pt>
File: include/grp2/factor6/022-Guys-0701-T1/022-Guys-0701-T1_segs__50.png Graph
ic file (type png)

<use include/grp2/factor6/022-Guys-0701-T1/022-Guys-0701-T1_segs__50.png>
Package pdftex.def Info: include/grp2/factor6/022-Guys-0701-T1/022-Guys-0701-T1
_segs__50.png used on input line 558.
(pdftex.def)             Requested size: 71.13293pt x 71.13086pt.

<include/grp2/factor6/022-Guys-0701-T1/022-Guys-0701-T1_segs__zeroPadding_50.pn
g, id=259, 190.21465pt x 209.00484pt>
File: include/grp2/factor6/022-Guys-0701-T1/022-Guys-0701-T1_segs__zeroPadding_
50.png Graphic file (type png)

<use include/grp2/factor6/022-Guys-0701-T1/022-Guys-0701-T1_segs__zeroPadding_5
0.png>
Package pdftex.def Info: include/grp2/factor6/022-Guys-0701-T1/022-Guys-0701-T1
_segs__zeroPadding_50.png used on input line 559.
(pdftex.def)             Requested size: 71.13293pt x 71.13086pt.

<include/grp2/factor6/022-Guys-0701-T1/022-Guys-0701-T1_segs__CS_50.png, id=260
, 190.21465pt x 209.00484pt>
File: include/grp2/factor6/022-Guys-0701-T1/022-Guys-0701-T1_segs__CS_50.png Gr
aphic file (type png)

<use include/grp2/factor6/022-Guys-0701-T1/022-Guys-0701-T1_segs__CS_50.png>
Package pdftex.def Info: include/grp2/factor6/022-Guys-0701-T1/022-Guys-0701-T1
_segs__CS_50.png used on input line 559.
(pdftex.def)             Requested size: 71.13293pt x 71.13086pt.

<include/grp2/factor6/022-Guys-0701-T1/022-Guys-0701-T1_segs__IMCNNL2TUNE_50.pn
g, id=261, 158.41583pt x 174.02615pt>
File: include/grp2/factor6/022-Guys-0701-T1/022-Guys-0701-T1_segs__IMCNNL2TUNE_
50.png Graphic file (type png)

<use include/grp2/factor6/022-Guys-0701-T1/022-Guys-0701-T1_segs__IMCNNL2TUNE_5
0.png>
Package pdftex.def Info: include/grp2/factor6/022-Guys-0701-T1/022-Guys-0701-T1
_segs__IMCNNL2TUNE_50.png used on input line 559.
(pdftex.def)             Requested size: 71.13188pt x 78.14108pt.

<include/grp2/factor6/022-Guys-0701-T1/022-Guys-0701-T1_segs__predict_50.png, i
d=262, 190.21465pt x 209.00484pt>
File: include/grp2/factor6/022-Guys-0701-T1/022-Guys-0701-T1_segs__predict_50.p
ng Graphic file (type png)

<use include/grp2/factor6/022-Guys-0701-T1/022-Guys-0701-T1_segs__predict_50.pn
g>
Package pdftex.def Info: include/grp2/factor6/022-Guys-0701-T1/022-Guys-0701-T1
_segs__predict_50.png used on input line 559.
(pdftex.def)             Requested size: 71.13293pt x 71.13086pt.
 [6]
Underfull \vbox (badness 10000) has occurred while \output is active []


Underfull \vbox (badness 10000) has occurred while \output is active []

 [7 <./include/grp2/factor6/022-Guys-0701-T1/022-Guys-0701-T1_images__50.png> <
./include/grp2/factor6/022-Guys-0701-T1/022-Guys-0701-T1_images__zeroPadding_50
.png> <./include/grp2/factor6/022-Guys-0701-T1/022-Guys-0701-T1_images__CS_50.p
ng> <./include/grp2/factor6/022-Guys-0701-T1/022-Guys-0701-T1_images__IMCNNL2TU
NE_50.png> <./include/grp2/factor6/022-Guys-0701-T1/022-Guys-0701-T1_images__pr
edict_50.png> <./include/grp2/factor6/022-Guys-0701-T1/022-Guys-0701-T1_images_
_zoom_50.png> <./include/grp2/factor6/022-Guys-0701-T1/022-Guys-0701-T1_images_
_zeroPadding_zoom_50.png> <./include/grp2/factor6/022-Guys-0701-T1/022-Guys-070
1-T1_images__CS_zoom_50.png> <./include/grp2/factor6/022-Guys-0701-T1/022-Guys-
0701-T1_images__IMCNNL2TUNE_zoom_50.png> <./include/grp2/factor6/022-Guys-0701-
T1/022-Guys-0701-T1_images__predict_zoom_50.png> <./include/grp2/factor6/022-Gu
ys-0701-T1/022-Guys-0701-T1_brains__50.png> <./include/grp2/factor6/022-Guys-07
01-T1/022-Guys-0701-T1_brains__zeroPadding_50.png> <./include/grp2/factor6/022-
Guys-0701-T1/022-Guys-0701-T1_brains__CS_50.png> <./include/grp2/factor6/022-Gu
ys-0701-T1/022-Guys-0701-T1_brains__IMCNNL2TUNE_50.png> <./include/grp2/factor6
/022-Guys-0701-T1/022-Guys-0701-T1_brains__predict_50.png> <./include/grp2/fact
or6/022-Guys-0701-T1/022-Guys-0701-T1_segs__50.png> <./include/grp2/factor6/022
-Guys-0701-T1/022-Guys-0701-T1_segs__zeroPadding_50.png> <./include/grp2/factor
6/022-Guys-0701-T1/022-Guys-0701-T1_segs__CS_50.png> <./include/grp2/factor6/02
2-Guys-0701-T1/022-Guys-0701-T1_segs__IMCNNL2TUNE_50.png> <./include/grp2/facto
r6/022-Guys-0701-T1/022-Guys-0701-T1_segs__predict_50.png>]
LaTeX Font Info:    Font shape `T1/phv/m/it' in size <9.53561> not available
(Font)              Font shape `T1/phv/m/sl' tried instead on input line 588.
LaTeX Font Info:    Font shape `T1/phv/bx/it' in size <9.53561> not available
(Font)              Font shape `T1/phv/b/it' tried instead on input line 588.
LaTeX Font Info:    Font shape `T1/phv/b/it' in size <9.53561> not available
(Font)              Font shape `T1/phv/b/sl' tried instead on input line 588.
 (./paper.bbl
Underfull \hbox (badness 2469) in paragraph at lines 54--58
\T1/ppl/m/n/8.03 eto, Com-pres-sive man-i-fold learn-ing: Es-ti-mat-ing one-
 []

)
Package atveryend Info: Empty hook `BeforeClearDocument' on input line 682.
 [8]
Package atveryend Info: Empty hook `AfterLastShipout' on input line 682.
 (./paper.aux)
Package atveryend Info: Executing hook `AtVeryEndDocument' on input line 682.
Package atveryend Info: Executing hook `AtEndAfterFileList' on input line 682.
Package rerunfilecheck Info: File `paper.out' has not changed.
(rerunfilecheck)             Checksum: 135F5A69DF52376137ED366FA3627F3E;649.


LaTeX Font Warning: Size substitutions with differences
(Font)              up to 2.49063pt have occurred.

Package atveryend Info: Empty hook `AtVeryVeryEnd' on input line 682.
 ) 
Here is how much of TeX's memory you used:
 11293 strings out of 494953
 175552 string characters out of 6180978
 282231 words of memory out of 5000000
 14235 multiletter control sequences out of 15000+600000
 120389 words of font info for 206 fonts, out of 8000000 for 9000
 17 hyphenation exceptions out of 8191
 44i,19n,87p,1059b,555s stack positions out of 5000i,500n,10000p,200000b,80000s
{/usr/share/texlive/texmf-dist/fonts/enc/dvips/base/8r.enc}</usr/share/texliv
e/texmf-dist/fonts/type1/public/amsfonts/cm/cmex10.pfb></usr/share/texlive/texm
f-dist/fonts/type1/public/amsfonts/cm/cmmi10.pfb></usr/share/texlive/texmf-dist
/fonts/type1/public/amsfonts/cm/cmmi5.pfb></usr/share/texlive/texmf-dist/fonts/
type1/public/amsfonts/cm/cmmi7.pfb></usr/share/texlive/texmf-dist/fonts/type1/p
ublic/amsfonts/cm/cmmi8.pfb></usr/share/texlive/texmf-dist/fonts/type1/public/a
msfonts/cm/cmmib10.pfb></usr/share/texlive/texmf-dist/fonts/type1/public/amsfon
ts/cm/cmr10.pfb></usr/share/texlive/texmf-dist/fonts/type1/public/amsfonts/cm/c
mr5.pfb></usr/share/texlive/texmf-dist/fonts/type1/public/amsfonts/cm/cmr7.pfb>
</usr/share/texlive/texmf-dist/fonts/type1/public/amsfonts/cm/cmr8.pfb></usr/sh
are/texlive/texmf-dist/fonts/type1/public/amsfonts/cm/cmsy10.pfb></usr/share/te
xlive/texmf-dist/fonts/type1/public/amsfonts/cm/cmsy5.pfb></usr/share/texlive/t
exmf-dist/fonts/type1/public/amsfonts/cm/cmsy7.pfb></usr/share/texlive/texmf-di
st/fonts/type1/public/amsfonts/cm/cmsy8.pfb></usr/share/texlive/texmf-dist/font
s/type1/public/amsfonts/symbols/msbm10.pfb></usr/share/texlive/texmf-dist/fonts
/type1/urw/helvetic/uhvb8a.pfb></usr/share/texlive/texmf-dist/fonts/type1/urw/h
elvetic/uhvbo8a.pfb></usr/share/texlive/texmf-dist/fonts/type1/urw/helvetic/uhv
r8a.pfb></usr/share/texlive/texmf-dist/fonts/type1/urw/palatino/uplb8a.pfb></us
r/share/texlive/texmf-dist/fonts/type1/urw/palatino/uplr8a.pfb></usr/share/texl
ive/texmf-dist/fonts/type1/urw/palatino/uplri8a.pfb></usr/share/texlive/texmf-d
ist/fonts/type1/urw/zapfding/uzdr.pfb>
Output written on paper.pdf (8 pages, 2582522 bytes).
PDF statistics:
 394 PDF objects out of 1000 (max. 8388607)
 293 compressed objects within 3 object streams
 81 named destinations out of 1000 (max. 500000)
 239 words of extra memory for PDF output out of 10000 (max. 10000000)

